<?xml version="1.0" encoding="UTF-8"?>
<!-- Generated by org.testng.reporters.JUnitReportReporter -->
<testsuite skipped="1" hostname="Abhisheks-MacBook-Air.local" name="testNG.TestTestNGAttributes" tests="6" failures="0" timestamp="2019-11-10T21:35:07 EST" time="0.023" errors="0">
  <testcase name="e" time="0.001" classname="testNG.TestTestNGAttributes"/>
  <testcase name="d" time="0.017" classname="testNG.TestTestNGAttributes"/>
  <testcase name="m" time="0.002" classname="testNG.TestTestNGAttributes"/>
  <testcase name="f" time="0.002" classname="testNG.TestTestNGAttributes"/>
  <testcase name="o" time="0.001" classname="testNG.TestTestNGAttributes"/>
  <testcase name="h" classname="testNG.TestTestNGAttributes">
    <skipped/>
  </testcase> <!-- h -->
</testsuite> <!-- testNG.TestTestNGAttributes -->
