<?xml version="1.0" encoding="UTF-8"?>
<!-- Generated by org.testng.reporters.JUnitReportReporter -->
<testsuite skipped="0" hostname="Abhisheks-MacBook-Air.local" name="testNG.TestNGAssertions" tests="2" failures="0" timestamp="2019-11-10T22:32:01 EST" time="0.040" errors="0">
  <testcase name="getTitle" time="0.038" classname="testNG.TestNGAssertions"/>
  <testcase name="testEquality" time="0.002" classname="testNG.TestNGAssertions"/>
</testsuite> <!-- testNG.TestNGAssertions -->
