<?xml version="1.0" encoding="UTF-8"?>
<!-- Generated by org.testng.reporters.JUnitReportReporter -->
<testsuite skipped="0" hostname="Abhisheks-MacBook-Air.local" name="testNG.TestGrouping" tests="2" failures="0" timestamp="2019-11-10T22:01:36 EST" time="0.020" errors="0">
  <testcase name="m1" time="0.015" classname="testNG.TestGrouping"/>
  <testcase name="m2" time="0.005" classname="testNG.TestGrouping"/>
</testsuite> <!-- testNG.TestGrouping -->
