<?xml version="1.0" encoding="UTF-8"?>
<!-- Generated by org.testng.reporters.JUnitReportReporter -->
<testsuite skipped="0" hostname="Abhisheks-MacBook-Air.local" name="testNG.TestGroupingNew" tests="1" failures="0" timestamp="2019-11-10T22:01:31 EST" time="0.001" errors="0">
  <testcase name="f2" time="0.001" classname="testNG.TestGroupingNew"/>
</testsuite> <!-- testNG.TestGroupingNew -->
