<?xml version="1.0" encoding="UTF-8"?>
<!-- Generated by org.testng.reporters.JUnitReportReporter -->
<testsuite skipped="0" hostname="Abhisheks-MacBook-Air.local" name="testNG.TestAnnotations" tests="2" failures="0" timestamp="2019-11-10T21:24:45 EST" time="0.016" errors="0">
  <testcase name="f2" time="0.007" classname="testNG.TestAnnotations"/>
  <testcase name="f1" time="0.009" classname="testNG.TestAnnotations"/>
</testsuite> <!-- testNG.TestAnnotations -->
